Build started 1/07/2015 4:25:10 PM.
     1>Project "C:\Users\kayne.palmer\Desktop\Work\trunk\AIEProjects-StarterTemplate 2\Project1\Project1.vcxproj" on node 2 (Build target(s)).
     1>ClCompile:
         C:\Program Files (x86)\Microsoft Visual Studio 12.0\VC\bin\CL.exe /c /I"C:\Users\kayne.palmer\Desktop\Work\trunk\AIEProjects-StarterTemplate 2\libraries\MathLib\Include\\" /I"C:\Users\kayne.palmer\Desktop\Work\trunk\AIEProjects-StarterTemplate 2\AIE_GL\include\\" /I"C:\Users\kayne.palmer\Desktop\Work\trunk\AIEProjects-StarterTemplate 2\libraries\glfw3\include\GLFW\\" /I"C:\Users\kayne.palmer\Desktop\Work\trunk\AIEProjects-StarterTemplate 2\libraries\glew\include\\" /I"C:\Users\kayne.palmer\Desktop\Work\trunk\AIEProjects-StarterTemplate 2\Project1\include\\" /ZI /nologo /W3 /WX- /Od /Oy- /D WIN32 /D _DEBUG /D _CONSOLE /D _UNICODE /D UNICODE /Gm /EHsc /RTC1 /MDd /GS /fp:precise /Zc:wchar_t /Zc:forScope /Fo"C:\Users\kayne.palmer\Desktop\Work\trunk\AIEProjects-StarterTemplate 2\CompilerJunk\Project1Debug\\" /Fd"C:\Users\kayne.palmer\Desktop\Work\trunk\AIEProjects-StarterTemplate 2\CompilerJunk\Project1Debug\vc120.pdb" /Gd /TP /analyze- /errorReport:prompt main.cpp source\Object.cpp source\Game1.cpp
         Game1.cpp
     1>c:\users\kayne.palmer\desktop\work\trunk\aieprojects-startertemplate 2\project1\source\game1.cpp(129): warning C4244: 'argument' : conversion from 'double' to 'float', possible loss of data
     1>c:\users\kayne.palmer\desktop\work\trunk\aieprojects-startertemplate 2\project1\source\game1.cpp(134): warning C4244: 'argument' : conversion from 'double' to 'float', possible loss of data
     1>c:\users\kayne.palmer\desktop\work\trunk\aieprojects-startertemplate 2\project1\source\game1.cpp(139): warning C4305: 'argument' : truncation from 'double' to 'float'
     1>c:\users\kayne.palmer\desktop\work\trunk\aieprojects-startertemplate 2\project1\source\game1.cpp(143): warning C4305: 'argument' : truncation from 'double' to 'float'
         Object.cpp
     1>c:\users\kayne.palmer\desktop\work\trunk\aieprojects-startertemplate 2\project1\source\object.cpp(9): warning C4305: '=' : truncation from 'double' to 'float'
         main.cpp
         Generating Code...
       Link:
         C:\Program Files (x86)\Microsoft Visual Studio 12.0\VC\bin\link.exe /ERRORREPORT:PROMPT /OUT:"C:\Users\kayne.palmer\Desktop\Work\trunk\AIEProjects-StarterTemplate 2\Compiled\Project1Debug\Project1.exe" /INCREMENTAL /NOLOGO /LIBPATH:"C:\Users\kayne.palmer\Desktop\Work\trunk\AIEProjects-StarterTemplate 2\libraries\MathLib\Lib\\" /LIBPATH:"C:\Users\kayne.palmer\Desktop\Work\trunk\AIEProjects-StarterTemplate 2\AIE_GL\bin\\" /LIBPATH:"C:\Users\kayne.palmer\Desktop\Work\trunk\AIEProjects-StarterTemplate 2\libraries\glew\lib\Release\Win32\\" /LIBPATH:"C:\Users\kayne.palmer\Desktop\Work\trunk\AIEProjects-StarterTemplate 2\libraries\glfw3\lib-vc2013\\" OpenGL32.lib AIE_GL_d.lib glew32.lib glfw3.lib MathLib.lib kernel32.lib user32.lib gdi32.lib winspool.lib comdlg32.lib advapi32.lib shell32.lib ole32.lib oleaut32.lib uuid.lib odbc32.lib odbccp32.lib /MANIFEST /MANIFESTUAC:"level='asInvoker' uiAccess='false'" /manifest:embed /DEBUG /PDB:"C:\Users\kayne.palmer\Desktop\Work\trunk\AIEProjects-StarterTemplate 2\Compiled\Project1Debug\Project1.pdb" /SUBSYSTEM:CONSOLE /TLBID:1 /DYNAMICBASE /NXCOMPAT /IMPLIB:"C:\Users\kayne.palmer\Desktop\Work\trunk\AIEProjects-StarterTemplate 2\Compiled\Project1Debug\Project1.lib" /MACHINE:X86 "C:\Users\kayne.palmer\Desktop\Work\trunk\AIEProjects-StarterTemplate 2\CompilerJunk\Project1Debug\main.obj"
         "C:\Users\kayne.palmer\Desktop\Work\trunk\AIEProjects-StarterTemplate 2\CompilerJunk\Project1Debug\Object.obj"
         "C:\Users\kayne.palmer\Desktop\Work\trunk\AIEProjects-StarterTemplate 2\CompilerJunk\Project1Debug\Game1.obj"
     1>LINK : warning LNK4098: defaultlib 'MSVCRT' conflicts with use of other libs; use /NODEFAULTLIB:library
         Project1.vcxproj -> C:\Users\kayne.palmer\Desktop\Work\trunk\AIEProjects-StarterTemplate 2\Compiled\Project1Debug\Project1.exe
     1>Done Building Project "C:\Users\kayne.palmer\Desktop\Work\trunk\AIEProjects-StarterTemplate 2\Project1\Project1.vcxproj" (Build target(s)).

Build succeeded.

Time Elapsed 00:00:01.06
