Build started 16/06/2015 10:18:03 AM.
     1>Project "C:\Users\kayne.palmer\Documents\Visual Studio 2013\Projects\_Work\trunk\AIEProjects-StarterTemplate 2\Project1\Project1.vcxproj" on node 2 (Build target(s)).
     1>ClCompile:
         C:\Program Files (x86)\Microsoft Visual Studio 12.0\VC\bin\CL.exe /c /I"C:\Users\kayne.palmer\Documents\Visual Studio 2013\Projects\_Work\trunk\AIEProjects-StarterTemplate 2\AIE_GL\include\\" /I"C:\Users\kayne.palmer\Documents\Visual Studio 2013\Projects\_Work\trunk\AIEProjects-StarterTemplate 2\libraries\glfw3\include\GLFW\\" /I"C:\Users\kayne.palmer\Documents\Visual Studio 2013\Projects\_Work\trunk\AIEProjects-StarterTemplate 2\libraries\glew\include\\" /I"C:\Users\kayne.palmer\Documents\Visual Studio 2013\Projects\_Work\trunk\AIEProjects-StarterTemplate 2\Project1\include\\" /I"C:\Users\kayne.palmer\Documents\Visual Studio 2013\Projects\_Work\trunk\AIEProjects-StarterTemplate 2\libraries\glm\\" /Zi /nologo /W3 /WX- /O2 /Oi /Oy- /GL /D WIN32 /D NDEBUG /D _CONSOLE /D _UNICODE /D UNICODE /Gm- /EHsc /MD /GS /Gy /fp:precise /Zc:wchar_t /Zc:forScope /Fo"C:\Users\kayne.palmer\Documents\Visual Studio 2013\Projects\_Work\trunk\AIEProjects-StarterTemplate 2\CompilerJunk\Project1Release\\" /Fd"C:\Users\kayne.palmer\Documents\Visual Studio 2013\Projects\_Work\trunk\AIEProjects-StarterTemplate 2\CompilerJunk\Project1Release\vc120.pdb" /Gd /TP /analyze- /errorReport:prompt source\Game1.cpp source\Vectors.cpp
         Game1.cpp
     1>source\Game1.cpp(51): warning C4244: '=' : conversion from 'int' to 'float', possible loss of data
     1>source\Game1.cpp(52): warning C4244: '=' : conversion from 'int' to 'float', possible loss of data
         Vectors.cpp
     1>source\Vectors.cpp(448): warning C4244: 'argument' : conversion from 'double' to 'float', possible loss of data
     1>source\Vectors.cpp(676): warning C4244: 'argument' : conversion from 'double' to 'float', possible loss of data
       Link:
         C:\Program Files (x86)\Microsoft Visual Studio 12.0\VC\bin\link.exe /ERRORREPORT:PROMPT /OUT:"C:\Users\kayne.palmer\Documents\Visual Studio 2013\Projects\_Work\trunk\AIEProjects-StarterTemplate 2\Compiled\Project1Release\Project1.exe" /INCREMENTAL:NO /NOLOGO /LIBPATH:"C:\Users\kayne.palmer\Documents\Visual Studio 2013\Projects\_Work\trunk\AIEProjects-StarterTemplate 2\AIE_GL\bin\\" /LIBPATH:"C:\Users\kayne.palmer\Documents\Visual Studio 2013\Projects\_Work\trunk\AIEProjects-StarterTemplate 2\libraries\glew\lib\Release\Win32\\" /LIBPATH:"C:\Users\kayne.palmer\Documents\Visual Studio 2013\Projects\_Work\trunk\AIEProjects-StarterTemplate 2\libraries\glfw3\lib-vc2013\\" OpenGL32.lib AIE_GL.lib glew32.lib glfw3.lib kernel32.lib user32.lib gdi32.lib winspool.lib comdlg32.lib advapi32.lib shell32.lib ole32.lib oleaut32.lib uuid.lib odbc32.lib odbccp32.lib /MANIFEST /MANIFESTUAC:"level='asInvoker' uiAccess='false'" /manifest:embed /DEBUG /PDB:"C:\Users\kayne.palmer\Documents\Visual Studio 2013\Projects\_Work\trunk\AIEProjects-StarterTemplate 2\Compiled\Project1Release\Project1.pdb" /SUBSYSTEM:CONSOLE /OPT:REF /OPT:ICF /LTCG /TLBID:1 /DYNAMICBASE /NXCOMPAT /IMPLIB:"C:\Users\kayne.palmer\Documents\Visual Studio 2013\Projects\_Work\trunk\AIEProjects-StarterTemplate 2\Compiled\Project1Release\Project1.lib" /MACHINE:X86 /SAFESEH "C:\Users\kayne.palmer\Documents\Visual Studio 2013\Projects\_Work\trunk\AIEProjects-StarterTemplate 2\CompilerJunk\Project1Release\Floor.obj"
         "C:\Users\kayne.palmer\Documents\Visual Studio 2013\Projects\_Work\trunk\AIEProjects-StarterTemplate 2\CompilerJunk\Project1Release\main.obj"
         "C:\Users\kayne.palmer\Documents\Visual Studio 2013\Projects\_Work\trunk\AIEProjects-StarterTemplate 2\CompilerJunk\Project1Release\Object.obj"
         "C:\Users\kayne.palmer\Documents\Visual Studio 2013\Projects\_Work\trunk\AIEProjects-StarterTemplate 2\CompilerJunk\Project1Release\Player.obj"
         "C:\Users\kayne.palmer\Documents\Visual Studio 2013\Projects\_Work\trunk\AIEProjects-StarterTemplate 2\CompilerJunk\Project1Release\Bullet.obj"
         "C:\Users\kayne.palmer\Documents\Visual Studio 2013\Projects\_Work\trunk\AIEProjects-StarterTemplate 2\CompilerJunk\Project1Release\Game1.obj"
         "C:\Users\kayne.palmer\Documents\Visual Studio 2013\Projects\_Work\trunk\AIEProjects-StarterTemplate 2\CompilerJunk\Project1Release\Vectors.obj"
         Generating code
         Finished generating code
         Project1.vcxproj -> C:\Users\kayne.palmer\Documents\Visual Studio 2013\Projects\_Work\trunk\AIEProjects-StarterTemplate 2\Compiled\Project1Release\Project1.exe
     1>Done Building Project "C:\Users\kayne.palmer\Documents\Visual Studio 2013\Projects\_Work\trunk\AIEProjects-StarterTemplate 2\Project1\Project1.vcxproj" (Build target(s)).

Build succeeded.

Time Elapsed 00:00:01.71
